# JRE version: Java(TM) SE Runtime Environment (8.0_151-b12) (build 1.8.0_151-b12)
# Java VM: Java HotSpot(TM) 64-Bit Server VM (25.151-b12 mixed mode windows-amd64 compressed oops)
Heap:
 PSYoungGen      total 81408K, used 38462K [0x00000000d5600000, 0x00000000db300000, 0x0000000100000000)
  eden space 72704K, 45% used [0x00000000d5600000,0x00000000d768f9e8,0x00000000d9d00000)
  from space 8704K, 58% used [0x00000000da580000,0x00000000daa80198,0x00000000dae00000)
  to   space 8704K, 0% used [0x00000000d9d00000,0x00000000d9d00000,0x00000000da580000)
 ParOldGen       total 66048K, used 6870K [0x0000000080200000, 0x0000000084280000, 0x00000000d5600000)
  object space 66048K, 10% used [0x0000000080200000,0x00000000808b5b68,0x0000000084280000)
 Metaspace       used 31748K, capacity 32194K, committed 32640K, reserved 1077248K
  class space    used 4345K, capacity 4457K, committed 4480K, reserved 1048576K
GC Heap History (10 events):
Event: 2.507 GC heap before
{Heap before GC invocations=5 (full 1):
 PSYoungGen      total 38400K, used 5094K [0x00000000d5600000, 0x00000000da100000, 0x0000000100000000)
  eden space 33280K, 0% used [0x00000000d5600000,0x00000000d5600000,0x00000000d7680000)
  from space 5120K, 99% used [0x00000000d7b80000,0x00000000d80799e0,0x00000000d8080000)
  to   space 5120K, 0% used [0x00000000d7680000,0x00000000d7680000,0x00000000d7b80000)
 ParOldGen       total 87552K, used 3920K [0x0000000080200000, 0x0000000085780000, 0x00000000d5600000)
  object space 87552K, 4% used [0x0000000080200000,0x00000000805d4328,0x0000000085780000)
 Metaspace       used 20743K, capacity 21080K, committed 21248K, reserved 1067008K
  class space    used 2896K, capacity 2978K, committed 3072K, reserved 1048576K
Event: 2.567 GC heap after
Heap after GC invocations=5 (full 1):
 PSYoungGen      total 38400K, used 0K [0x00000000d5600000, 0x00000000da100000, 0x0000000100000000)
  eden space 33280K, 0% used [0x00000000d5600000,0x00000000d5600000,0x00000000d7680000)
  from space 5120K, 0% used [0x00000000d7b80000,0x00000000d7b80000,0x00000000d8080000)
  to   space 5120K, 0% used [0x00000000d7680000,0x00000000d7680000,0x00000000d7b80000)
 ParOldGen       total 66048K, used 6846K [0x0000000080200000, 0x0000000084280000, 0x00000000d5600000)
  object space 66048K, 10% used [0x0000000080200000,0x00000000808afb68,0x0000000084280000)
 Metaspace       used 20743K, capacity 21080K, committed 21248K, reserved 1067008K
  class space    used 2896K, capacity 2978K, committed 3072K, reserved 1048576K
}
Event: 3.272 GC heap before
{Heap before GC invocations=6 (full 1):
 PSYoungGen      total 38400K, used 33280K [0x00000000d5600000, 0x00000000da100000, 0x0000000100000000)
  eden space 33280K, 100% used [0x00000000d5600000,0x00000000d7680000,0x00000000d7680000)
  from space 5120K, 0% used [0x00000000d7b80000,0x00000000d7b80000,0x00000000d8080000)
  to   space 5120K, 0% used [0x00000000d7680000,0x00000000d7680000,0x00000000d7b80000)
 ParOldGen       total 66048K, used 6846K [0x0000000080200000, 0x0000000084280000, 0x00000000d5600000)
  object space 66048K, 10% used [0x0000000080200000,0x00000000808afb68,0x0000000084280000)
 Metaspace       used 25508K, capacity 25918K, committed 26240K, reserved 1071104K
  class space    used 3555K, capacity 3673K, committed 3712K, reserved 1048576K
Event: 3.278 GC heap after
Heap after GC invocations=6 (full 1):
 PSYoungGen      total 38400K, used 4072K [0x00000000d5600000, 0x00000000d9100000, 0x0000000100000000)
  eden space 33280K, 0% used [0x00000000d5600000,0x00000000d5600000,0x00000000d7680000)
  from space 5120K, 79% used [0x00000000d7680000,0x00000000d7a7a398,0x00000000d7b80000)
  to   space 8704K, 0% used [0x00000000d8880000,0x00000000d8880000,0x00000000d9100000)
 ParOldGen       total 66048K, used 6854K [0x0000000080200000, 0x0000000084280000, 0x00000000d5600000)
  object space 66048K, 10% used [0x0000000080200000,0x00000000808b1b68,0x0000000084280000)
 Metaspace       used 25508K, capacity 25918K, committed 26240K, reserved 1071104K
  class space    used 3555K, capacity 3673K, committed 3712K, reserved 1048576K
}
Event: 3.519 GC heap before
{Heap before GC invocations=7 (full 1):
 PSYoungGen      total 38400K, used 37352K [0x00000000d5600000, 0x00000000d9100000, 0x0000000100000000)
  eden space 33280K, 100% used [0x00000000d5600000,0x00000000d7680000,0x00000000d7680000)
  from space 5120K, 79% used [0x00000000d7680000,0x00000000d7a7a398,0x00000000d7b80000)
  to   space 8704K, 0% used [0x00000000d8880000,0x00000000d8880000,0x00000000d9100000)
 ParOldGen       total 66048K, used 6854K [0x0000000080200000, 0x0000000084280000, 0x00000000d5600000)
  object space 66048K, 10% used [0x0000000080200000,0x00000000808b1b68,0x0000000084280000)
 Metaspace       used 27137K, capacity 27562K, committed 27776K, reserved 1073152K
  class space    used 3783K, capacity 3899K, committed 3968K, reserved 1048576K
Event: 3.527 GC heap after
Heap after GC invocations=7 (full 1):
 PSYoungGen      total 51712K, used 3002K [0x00000000d5600000, 0x00000000d9480000, 0x0000000100000000)
  eden space 43008K, 0% used [0x00000000d5600000,0x00000000d5600000,0x00000000d8000000)
  from space 8704K, 34% used [0x00000000d8880000,0x00000000d8b6e9f0,0x00000000d9100000)
  to   space 8704K, 0% used [0x00000000d8000000,0x00000000d8000000,0x00000000d8880000)
 ParOldGen       total 66048K, used 6862K [0x0000000080200000, 0x0000000084280000, 0x00000000d5600000)
  object space 66048K, 10% used [0x0000000080200000,0x00000000808b3b68,0x0000000084280000)
 Metaspace       used 27137K, capacity 27562K, committed 27776K, reserved 1073152K
  class space    used 3783K, capacity 3899K, committed 3968K, reserved 1048576K
}
Event: 3.733 GC heap before
{Heap before GC invocations=8 (full 1):
 PSYoungGen      total 51712K, used 46010K [0x00000000d5600000, 0x00000000d9480000, 0x0000000100000000)
  eden space 43008K, 100% used [0x00000000d5600000,0x00000000d8000000,0x00000000d8000000)
  from space 8704K, 34% used [0x00000000d8880000,0x00000000d8b6e9f0,0x00000000d9100000)
  to   space 8704K, 0% used [0x00000000d8000000,0x00000000d8000000,0x00000000d8880000)
 ParOldGen       total 66048K, used 6862K [0x0000000080200000, 0x0000000084280000, 0x00000000d5600000)
  object space 66048K, 10% used [0x0000000080200000,0x00000000808b3b68,0x0000000084280000)
 Metaspace       used 27433K, capacity 27862K, committed 28032K, reserved 1073152K
  class space    used 3812K, capacity 3933K, committed 3968K, reserved 1048576K
Event: 3.773 GC heap after
Heap after GC invocations=8 (full 1):
 PSYoungGen      total 51712K, used 2084K [0x00000000d5600000, 0x00000000dae00000, 0x0000000100000000)
  eden space 43008K, 0% used [0x00000000d5600000,0x00000000d5600000,0x00000000d8000000)
  from space 8704K, 23% used [0x00000000d8000000,0x00000000d8209020,0x00000000d8880000)
  to   space 8704K, 0% used [0x00000000da580000,0x00000000da580000,0x00000000dae00000)
 ParOldGen       total 66048K, used 6862K [0x0000000080200000, 0x0000000084280000, 0x00000000d5600000)
  object space 66048K, 10% used [0x0000000080200000,0x00000000808b3b68,0x0000000084280000)
 Metaspace       used 27433K, capacity 27862K, committed 28032K, reserved 1073152K
  class space    used 3812K, capacity 3933K, committed 3968K, reserved 1048576K
}
Event: 4.292 GC heap before
{Heap before GC invocations=9 (full 1):
 PSYoungGen      total 51712K, used 45092K [0x00000000d5600000, 0x00000000dae00000, 0x0000000100000000)
  eden space 43008K, 100% used [0x00000000d5600000,0x00000000d8000000,0x00000000d8000000)
  from space 8704K, 23% used [0x00000000d8000000,0x00000000d8209020,0x00000000d8880000)
  to   space 8704K, 0% used [0x00000000da580000,0x00000000da580000,0x00000000dae00000)
 ParOldGen       total 66048K, used 6862K [0x0000000080200000, 0x0000000084280000, 0x00000000d5600000)
  object space 66048K, 10% used [0x0000000080200000,0x00000000808b3b68,0x0000000084280000)
 Metaspace       used 30887K, capacity 31288K, committed 31488K, reserved 1077248K
  class space    used 4219K, capacity 4326K, committed 4352K, reserved 1048576K
Event: 4.439 GC heap after
Heap after GC invocations=9 (full 1):
 PSYoungGen      total 81408K, used 5120K [0x00000000d5600000, 0x00000000db300000, 0x0000000100000000)
  eden space 72704K, 0% used [0x00000000d5600000,0x00000000d5600000,0x00000000d9d00000)
  from space 8704K, 58% used [0x00000000da580000,0x00000000daa80198,0x00000000dae00000)
  to   space 8704K, 0% used [0x00000000d9d00000,0x00000000d9d00000,0x00000000da580000)
 ParOldGen       total 66048K, used 6870K [0x0000000080200000, 0x0000000084280000, 0x00000000d5600000)
  object space 66048K, 10% used [0x0000000080200000,0x00000000808b5b68,0x0000000084280000)
 Metaspace       used 30887K, capacity 31288K, committed 31488K, reserved 1077248K
  class space    used 4219K, capacity 4326K, committed 4352K, reserved 1048576K
}

